Build started 2016-01-26 09:53:47.
     1>Project "C:\Users\Admin\Source\Repos\DVA315---Planets\server\server\server.vcxproj" on node 2 (Build target(s)).
     1>ClCompile:
         C:\Program Files (x86)\Microsoft Visual Studio 12.0\VC\bin\CL.exe /c /I"C:\Users\Admin\Source\Repos\DVA315---Planets\server\server" /ZI /nologo /W3 /WX- /sdl /Od /Oy- /D _MBCS /Gm /EHsc /RTC1 /MDd /GS /fp:precise /Zc:wchar_t /Zc:forScope /Fo"Debug\\" /Fd"Debug\vc120.pdb" /Gd /TC /analyze- /errorReport:prompt doublylinkedlist.c server.c wrapper.c
         wrapper.c
     1>c:\users\admin\source\repos\dva315---planets\server\server\wrapper.c(23): warning C4047: 'return' : 'DWORD' differs in levels of indirection from 'HANDLE'
     1>c:\users\admin\source\repos\dva315---planets\server\server\wrapper.c(70): warning C4047: 'function' : 'LPDWORD' differs in levels of indirection from 'LPDWORD *'
     1>c:\users\admin\source\repos\dva315---planets\server\server\wrapper.c(70): warning C4024: 'WriteFile' : different types for formal and actual parameter 4
     1>c:\users\admin\source\repos\dva315---planets\server\server\wrapper.c(97): warning C4018: '>' : signed/unsigned mismatch
         server.c
         doublylinkedlist.c
         Generating Code...
       Link:
         C:\Program Files (x86)\Microsoft Visual Studio 12.0\VC\bin\link.exe /ERRORREPORT:PROMPT /OUT:"C:\Users\Admin\Source\Repos\DVA315---Planets\server\Debug\server.exe" /INCREMENTAL /NOLOGO kernel32.lib user32.lib gdi32.lib winspool.lib comdlg32.lib advapi32.lib shell32.lib ole32.lib oleaut32.lib uuid.lib odbc32.lib odbccp32.lib /MANIFEST /MANIFESTUAC:"level='asInvoker' uiAccess='false'" /manifest:embed /DEBUG /PDB:"C:\Users\Admin\Source\Repos\DVA315---Planets\server\Debug\server.pdb" /TLBID:1 /DYNAMICBASE /NXCOMPAT /IMPLIB:"C:\Users\Admin\Source\Repos\DVA315---Planets\server\Debug\server.lib" /MACHINE:X86 Debug\doublylinkedlist.obj
         Debug\server.obj
         Debug\wrapper.obj
         server.vcxproj -> C:\Users\Admin\Source\Repos\DVA315---Planets\server\Debug\server.exe
     1>Done Building Project "C:\Users\Admin\Source\Repos\DVA315---Planets\server\server\server.vcxproj" (Build target(s)).

Build succeeded.

Time Elapsed 00:00:00.74
